<?xml version="1.0" encoding="UTF-8"?>
<!-- Generated by org.testng.reporters.JUnitXMLReporter -->
<testsuite ignored="0" hostname="LAPTOP-LQFADPGI" failures="1" tests="1" name="Test" time="4.308" errors="0" timestamp="2023-11-06T14:55:29 SGT">
  <testcase classname="script.DemoTest" name="testDemo" time="0.656">
    <failure type="java.lang.AssertionError" message="null">
      <![CDATA[java.lang.AssertionError: null
at script.DemoTest.testDemo(DemoTest.java:26)
at java.base/java.util.ArrayList.forEach(ArrayList.java:1511)
... Removed 27 stack frames]]>
    </failure>
  </testcase> <!-- testDemo -->
</testsuite> <!-- Test -->
