<?xml version="1.0" encoding="UTF-8"?>
<testng-results ignored="0" total="1" passed="1" failed="0" skipped="0">
  <reporter-output>
    <line>
      <![CDATA[Execute in Grid:no]]>
    </line>
    <line>
      <![CDATA[Browser is:chrome]]>
    </line>
    <line>
      <![CDATA[Set ITO:10]]>
    </line>
    <line>
      <![CDATA[Enter the URL:https://opensource-demo.orangehrmlive.com/web/index.php/auth/login]]>
    </line>
    <line>
      <![CDATA[Maximize the browser]]>
    </line>
    <line>
      <![CDATA[Set ETO:9]]>
    </line>
    <line>
      <![CDATA[Close the browser]]>
    </line>
  </reporter-output>
  <suite started-at="2023-11-07T15:45:25 SGT" name="Suite" finished-at="2023-11-07T15:45:33 SGT" duration-ms="7603">
    <groups>
    </groups>
    <test started-at="2023-11-07T15:45:25 SGT" name="Test" finished-at="2023-11-07T15:45:33 SGT" duration-ms="7603">
      <class name="script.Validpage">
        <test-method is-config="true" signature="preCondition(java.lang.String,java.lang.String,java.lang.String,java.lang.String,java.lang.String,java.lang.String)[pri:0, instance:script.Validpage@3349e9bb]" started-at="2023-11-07T15:45:25 SGT" name="preCondition" finished-at="2023-11-07T15:45:30 SGT" duration-ms="5313" status="PASS">
          <params>
            <param index="0">
              <value>
                <![CDATA[no]]>
              </value>
            </param>
            <param index="1">
              <value>
                <![CDATA[https://opensource-demo.orangehrmlive.com/web/index.php/auth/login]]>
              </value>
            </param>
            <param index="2">
              <value>
                <![CDATA[chrome]]>
              </value>
            </param>
            <param index="3">
              <value>
                <![CDATA[https://opensource-demo.orangehrmlive.com/web/index.php/auth/login]]>
              </value>
            </param>
            <param index="4">
              <value>
                <![CDATA[10]]>
              </value>
            </param>
            <param index="5">
              <value>
                <![CDATA[9]]>
              </value>
            </param>
          </params>
          <reporter-output>
            <line>
              <![CDATA[Execute in Grid:no]]>
            </line>
            <line>
              <![CDATA[Browser is:chrome]]>
            </line>
            <line>
              <![CDATA[Set ITO:10]]>
            </line>
            <line>
              <![CDATA[Enter the URL:https://opensource-demo.orangehrmlive.com/web/index.php/auth/login]]>
            </line>
            <line>
              <![CDATA[Maximize the browser]]>
            </line>
            <line>
              <![CDATA[Set ETO:9]]>
            </line>
          </reporter-output>
        </test-method> <!-- preCondition -->
        <test-method signature="testValidLogin()[pri:1, instance:script.Validpage@3349e9bb]" started-at="2023-11-07T15:45:30 SGT" name="testValidLogin" finished-at="2023-11-07T15:45:32 SGT" duration-ms="2138" status="PASS">
          <reporter-output>
          </reporter-output>
        </test-method> <!-- testValidLogin -->
        <test-method is-config="true" signature="postCondition(org.testng.ITestResult)[pri:0, instance:script.Validpage@3349e9bb]" started-at="2023-11-07T15:45:32 SGT" name="postCondition" finished-at="2023-11-07T15:45:33 SGT" duration-ms="108" status="PASS">
          <params>
            <param index="0">
              <value>
                <![CDATA[[TestResult name=testValidLogin status=SUCCESS method=Validpage.testValidLogin()[pri:1, instance:script.Validpage@3349e9bb] output={null}]]]>
              </value>
            </param>
          </params>
          <reporter-output>
            <line>
              <![CDATA[Close the browser]]>
            </line>
          </reporter-output>
        </test-method> <!-- postCondition -->
      </class> <!-- script.Validpage -->
    </test> <!-- Test -->
  </suite> <!-- Suite -->
</testng-results>
